.E.E.E..E.E.E.E..F.......F..........E.E.E.E.E..F.F.F.F..
Time: 0.145
There were 12 errors:
1) testExists(KeyValueMapTest)java.lang.RuntimeException: Hi
	at KeyValueMap.add(KeyValueMap.java:10)
	at KeyValueMapTest.testExists(KeyValueMapTest.java:37)
	at sun.reflect.NativeMethodAccessorImpl.invoke0(Native Method)
	at sun.reflect.NativeMethodAccessorImpl.invoke(NativeMethodAccessorImpl.java:62)
	at sun.reflect.DelegatingMethodAccessorImpl.invoke(DelegatingMethodAccessorImpl.java:43)
	at AutomaticScoreCheck.main(AutomaticScoreCheck.java:37)
2) testAddAndFind(KeyValueMapTest)java.lang.RuntimeException: Hi
	at KeyValueMap.add(KeyValueMap.java:10)
	at KeyValueMapTest.testAddAndFind(KeyValueMapTest.java:15)
	at sun.reflect.NativeMethodAccessorImpl.invoke0(Native Method)
	at sun.reflect.NativeMethodAccessorImpl.invoke(NativeMethodAccessorImpl.java:62)
	at sun.reflect.DelegatingMethodAccessorImpl.invoke(DelegatingMethodAccessorImpl.java:43)
	at AutomaticScoreCheck.main(AutomaticScoreCheck.java:37)
3) testRemove(KeyValueMapTest)java.lang.RuntimeException: Hi
	at KeyValueMap.add(KeyValueMap.java:10)
	at KeyValueMapTest.testRemove(KeyValueMapTest.java:51)
	at sun.reflect.NativeMethodAccessorImpl.invoke0(Native Method)
	at sun.reflect.NativeMethodAccessorImpl.invoke(NativeMethodAccessorImpl.java:62)
	at sun.reflect.DelegatingMethodAccessorImpl.invoke(DelegatingMethodAccessorImpl.java:43)
	at AutomaticScoreCheck.main(AutomaticScoreCheck.java:37)
4) testAddRemove(QueueTest)java.lang.RuntimeException: The butler did it
	at Queue.isEmpty(Queue.java:20)
	at QueueTest.testAddRemove(QueueTest.java:16)
	at sun.reflect.NativeMethodAccessorImpl.invoke0(Native Method)
	at sun.reflect.NativeMethodAccessorImpl.invoke(NativeMethodAccessorImpl.java:62)
	at sun.reflect.DelegatingMethodAccessorImpl.invoke(DelegatingMethodAccessorImpl.java:43)
	at AutomaticScoreCheck.main(AutomaticScoreCheck.java:37)
5) testBigAddRemove(QueueTest)java.lang.RuntimeException: Don't step on the cracks
	at Queue.add(Queue.java:6)
	at QueueTest.testBigAddRemove(QueueTest.java:52)
	at sun.reflect.NativeMethodAccessorImpl.invoke0(Native Method)
	at sun.reflect.NativeMethodAccessorImpl.invoke(NativeMethodAccessorImpl.java:62)
	at sun.reflect.DelegatingMethodAccessorImpl.invoke(DelegatingMethodAccessorImpl.java:43)
	at AutomaticScoreCheck.main(AutomaticScoreCheck.java:37)
6) testToString(QueueTest)java.lang.RuntimeException: Don't step on the cracks
	at Queue.add(Queue.java:6)
	at QueueTest.testToString(QueueTest.java:62)
	at sun.reflect.NativeMethodAccessorImpl.invoke0(Native Method)
	at sun.reflect.NativeMethodAccessorImpl.invoke(NativeMethodAccessorImpl.java:62)
	at sun.reflect.DelegatingMethodAccessorImpl.invoke(DelegatingMethodAccessorImpl.java:43)
	at AutomaticScoreCheck.main(AutomaticScoreCheck.java:37)
7) testTwoQueues(QueueTest)java.lang.RuntimeException: The butler did it
	at Queue.isEmpty(Queue.java:20)
	at QueueTest.testTwoQueues(QueueTest.java:39)
	at sun.reflect.NativeMethodAccessorImpl.invoke0(Native Method)
	at sun.reflect.NativeMethodAccessorImpl.invoke(NativeMethodAccessorImpl.java:62)
	at sun.reflect.DelegatingMethodAccessorImpl.invoke(DelegatingMethodAccessorImpl.java:43)
	at AutomaticScoreCheck.main(AutomaticScoreCheck.java:37)
8) testPushPeekPop(StackTest)java.lang.RuntimeException: Need more
	at Stack.isEmpty(Stack.java:20)
	at StackTest.testPushPeekPop(StackTest.java:16)
	at sun.reflect.NativeMethodAccessorImpl.invoke0(Native Method)
	at sun.reflect.NativeMethodAccessorImpl.invoke(NativeMethodAccessorImpl.java:62)
	at sun.reflect.DelegatingMethodAccessorImpl.invoke(DelegatingMethodAccessorImpl.java:43)
	at AutomaticScoreCheck.main(AutomaticScoreCheck.java:37)
9) testTwoStacks(StackTest)java.lang.RuntimeException: Need more
	at Stack.isEmpty(Stack.java:20)
	at StackTest.testTwoStacks(StackTest.java:32)
	at sun.reflect.NativeMethodAccessorImpl.invoke0(Native Method)
	at sun.reflect.NativeMethodAccessorImpl.invoke(NativeMethodAccessorImpl.java:62)
	at sun.reflect.DelegatingMethodAccessorImpl.invoke(DelegatingMethodAccessorImpl.java:43)
	at AutomaticScoreCheck.main(AutomaticScoreCheck.java:37)
10) testMutliplePush(StackTest)java.lang.RuntimeException: Elevator stuck. Abort Retry Fail?
	at Stack.push(Stack.java:5)
	at StackTest.testMutliplePush(StackTest.java:50)
	at sun.reflect.NativeMethodAccessorImpl.invoke0(Native Method)
	at sun.reflect.NativeMethodAccessorImpl.invoke(NativeMethodAccessorImpl.java:62)
	at sun.reflect.DelegatingMethodAccessorImpl.invoke(DelegatingMethodAccessorImpl.java:43)
	at AutomaticScoreCheck.main(AutomaticScoreCheck.java:37)
11) testMultiplePopsWhenEmpty(StackTest)java.lang.RuntimeException: Elevator stuck. Abort Retry Fail?
	at Stack.push(Stack.java:5)
	at StackTest.testMultiplePopsWhenEmpty(StackTest.java:78)
	at sun.reflect.NativeMethodAccessorImpl.invoke0(Native Method)
	at sun.reflect.NativeMethodAccessorImpl.invoke(NativeMethodAccessorImpl.java:62)
	at sun.reflect.DelegatingMethodAccessorImpl.invoke(DelegatingMethodAccessorImpl.java:43)
	at AutomaticScoreCheck.main(AutomaticScoreCheck.java:37)
12) testToString(StackTest)java.lang.RuntimeException: Ones and Zeros. Mostly.
	at Stack.pop(Stack.java:10)
	at StackTest.testToString(StackTest.java:64)
	at sun.reflect.NativeMethodAccessorImpl.invoke0(Native Method)
	at sun.reflect.NativeMethodAccessorImpl.invoke(NativeMethodAccessorImpl.java:62)
	at sun.reflect.DelegatingMethodAccessorImpl.invoke(DelegatingMethodAccessorImpl.java:43)
	at AutomaticScoreCheck.main(AutomaticScoreCheck.java:37)
There were 6 failures:
1) testMain(CallAStaticMethodTest)junit.framework.AssertionFailedError: incorrect output on line 1
	at CallAStaticMethodTest.testMain(CallAStaticMethodTest.java:24)
	at sun.reflect.NativeMethodAccessorImpl.invoke0(Native Method)
	at sun.reflect.NativeMethodAccessorImpl.invoke(NativeMethodAccessorImpl.java:62)
	at sun.reflect.DelegatingMethodAccessorImpl.invoke(DelegatingMethodAccessorImpl.java:43)
	at AutomaticScoreCheck.main(AutomaticScoreCheck.java:37)
2) testAuthorshipOfAllFiles(UsingPublicFieldsIsEasyTest)junit.framework.AssertionFailedError: Fix @authorship in CallAStaticMethod.java Stack.java Queue.java KeyValueMap.java GeocacheList.java
	at UsingPublicFieldsIsEasyTest.testAuthorshipOfAllFiles(UsingPublicFieldsIsEasyTest.java:56)
	at sun.reflect.NativeMethodAccessorImpl.invoke0(Native Method)
	at sun.reflect.NativeMethodAccessorImpl.invoke(NativeMethodAccessorImpl.java:62)
	at sun.reflect.DelegatingMethodAccessorImpl.invoke(DelegatingMethodAccessorImpl.java:43)
	at AutomaticScoreCheck.main(AutomaticScoreCheck.java:37)
3) testAddGetGeocacheGetSize(GeocacheListTest)junit.framework.AssertionFailedError: expected:<1> but was:<0>
	at GeocacheListTest.testAddGetGeocacheGetSize(GeocacheListTest.java:16)
	at sun.reflect.NativeMethodAccessorImpl.invoke0(Native Method)
	at sun.reflect.NativeMethodAccessorImpl.invoke(NativeMethodAccessorImpl.java:62)
	at sun.reflect.DelegatingMethodAccessorImpl.invoke(DelegatingMethodAccessorImpl.java:43)
	at AutomaticScoreCheck.main(AutomaticScoreCheck.java:37)
4) testShallowCopy(GeocacheListTest)junit.framework.AssertionFailedError: expected:<2> but was:<0>
	at GeocacheListTest.testShallowCopy(GeocacheListTest.java:32)
	at sun.reflect.NativeMethodAccessorImpl.invoke0(Native Method)
	at sun.reflect.NativeMethodAccessorImpl.invoke(NativeMethodAccessorImpl.java:62)
	at sun.reflect.DelegatingMethodAccessorImpl.invoke(DelegatingMethodAccessorImpl.java:43)
	at AutomaticScoreCheck.main(AutomaticScoreCheck.java:37)
5) testDeepCopy(GeocacheListTest)junit.framework.AssertionFailedError: expected:<2> but was:<0>
	at GeocacheListTest.testDeepCopy(GeocacheListTest.java:53)
	at sun.reflect.NativeMethodAccessorImpl.invoke0(Native Method)
	at sun.reflect.NativeMethodAccessorImpl.invoke(NativeMethodAccessorImpl.java:62)
	at sun.reflect.DelegatingMethodAccessorImpl.invoke(DelegatingMethodAccessorImpl.java:43)
	at AutomaticScoreCheck.main(AutomaticScoreCheck.java:37)
6) testRemoveFromTop(GeocacheListTest)junit.framework.AssertionFailedError: expected:<2> but was:<0>
	at GeocacheListTest.testRemoveFromTop(GeocacheListTest.java:79)
	at sun.reflect.NativeMethodAccessorImpl.invoke0(Native Method)
	at sun.reflect.NativeMethodAccessorImpl.invoke(NativeMethodAccessorImpl.java:62)
	at sun.reflect.DelegatingMethodAccessorImpl.invoke(DelegatingMethodAccessorImpl.java:43)
	at AutomaticScoreCheck.main(AutomaticScoreCheck.java:37)

FAILURES!!!
Tests run: 38,  Failures: 6,  Errors: 12

20 passed out of 38
Score=52
